<?xml version="1.0" encoding="UTF-8"?>
<testng-results ignored="0" total="2" passed="2" failed="0" skipped="0">
  <reporter-output>
  </reporter-output>
  <suite started-at="2023-09-12T03:30:51 IST" name="Suite" finished-at="2023-09-12T03:31:07 IST" duration-ms="16395">
    <groups>
      <group name="Purchase">
        <method signature="StandAloneTest.submitOrder(java.util.HashMap)[pri:0, instance:SeleniumFrameworkDesign.StandAloneTest@4fb0f2b9]" name="submitOrder" class="SeleniumFrameworkDesign.StandAloneTest"/>
      </group> <!-- Purchase -->
    </groups>
    <test started-at="2023-09-12T03:30:51 IST" name="Login Error Test" finished-at="2023-09-12T03:31:07 IST" duration-ms="16380">
      <class name="SeleniumFrameworkDesign.StandAloneTest">
        <test-method is-config="true" signature="lanchApplication()[pri:0, instance:SeleniumFrameworkDesign.StandAloneTest@4fb0f2b9]" started-at="2023-09-12T03:30:51 IST" name="lanchApplication" finished-at="2023-09-12T03:30:57 IST" duration-ms="6367" status="PASS">
          <reporter-output>
          </reporter-output>
        </test-method> <!-- lanchApplication -->
        <test-method signature="submitOrder(java.util.HashMap)[pri:0, instance:SeleniumFrameworkDesign.StandAloneTest@4fb0f2b9]" started-at="2023-09-12T03:30:57 IST" name="submitOrder" data-provider="getData" finished-at="2023-09-12T03:31:01 IST" duration-ms="3786" status="PASS">
          <params>
            <param index="0">
              <value>
                <![CDATA[{password=Zxcvbnm@671, email=test671@test.com, productName=ADIDAS ORIGINAL}]]>
              </value>
            </param>
          </params>
          <reporter-output>
          </reporter-output>
        </test-method> <!-- submitOrder -->
        <test-method is-config="true" signature="tearDown()[pri:0, instance:SeleniumFrameworkDesign.StandAloneTest@4fb0f2b9]" started-at="2023-09-12T03:31:01 IST" name="tearDown" finished-at="2023-09-12T03:31:01 IST" duration-ms="29" status="PASS">
          <reporter-output>
          </reporter-output>
        </test-method> <!-- tearDown -->
        <test-method is-config="true" signature="lanchApplication()[pri:0, instance:SeleniumFrameworkDesign.StandAloneTest@4fb0f2b9]" started-at="2023-09-12T03:31:01 IST" name="lanchApplication" finished-at="2023-09-12T03:31:03 IST" duration-ms="2040" status="PASS">
          <reporter-output>
          </reporter-output>
        </test-method> <!-- lanchApplication -->
        <test-method signature="submitOrder(java.util.HashMap)[pri:0, instance:SeleniumFrameworkDesign.StandAloneTest@4fb0f2b9]" started-at="2023-09-12T03:31:03 IST" name="submitOrder" data-provider="getData" finished-at="2023-09-12T03:31:07 IST" duration-ms="3879" status="PASS">
          <params>
            <param index="0">
              <value>
                <![CDATA[{password=Zxcvbnm@672, email=test672@test.com, productName=IPHONE 13 PRO}]]>
              </value>
            </param>
          </params>
          <reporter-output>
          </reporter-output>
        </test-method> <!-- submitOrder -->
        <test-method is-config="true" signature="tearDown()[pri:0, instance:SeleniumFrameworkDesign.StandAloneTest@4fb0f2b9]" started-at="2023-09-12T03:31:07 IST" name="tearDown" finished-at="2023-09-12T03:31:07 IST" duration-ms="24" status="PASS">
          <reporter-output>
          </reporter-output>
        </test-method> <!-- tearDown -->
      </class> <!-- SeleniumFrameworkDesign.StandAloneTest -->
    </test> <!-- Login Error Test -->
    <test started-at="2023-09-12T03:31:07 IST" name="Error validation Test" finished-at="2023-09-12T03:31:07 IST" duration-ms="0">
    </test> <!-- Error validation Test -->
  </suite> <!-- Suite -->
</testng-results>
