<?xml version="1.0" encoding="UTF-8"?>
<!-- Generated by org.testng.reporters.JUnitXMLReporter -->
<testsuite ignored="0" hostname="Nsv-2o" failures="0" tests="3" name="Login Error Test" time="17.429" errors="0" timestamp="2023-09-13T23:03:47 IST">
  <testcase classname="SeleniumFrameworkDesign.StandAloneTest" name="submitOrder" time="4.167"/>
  <testcase classname="SeleniumFrameworkDesign.StandAloneTest" name="submitOrder" time="3.869"/>
  <testcase classname="SeleniumFrameworkDesign.StandAloneTest" name="orderHistoryTest" time="0.539"/>
</testsuite> <!-- Login Error Test -->
