<?xml version="1.0" encoding="UTF-8"?>
<!-- Generated by org.testng.reporters.JUnitXMLReporter -->
<testsuite ignored="8" hostname="Nsv-2o" failures="0" tests="3" name="package test case run" time="0.065" errors="0" timestamp="2023-08-30T02:00:34 IST">
  <testcase classname="TestNGPackage.TestNGDemo2" name="testNGDemoMethodSecondClass" time="0.01"/>
  <testcase classname="TestNGPackage.TestNGDemo3" name="mobileSigninCarLoan" time="0.001"/>
  <testcase classname="TestNGPackage.TestNGDemo4" name="loginAPIHomeLoan" time="0.001"/>
  <testcase classname="TestNGPackage.TestNGDemo4" name="webLoginHomeLoan" time="0.0">
    <ignored/>
  </testcase> <!-- webLoginHomeLoan -->
  <testcase classname="TestNGPackage.TestNGDemo3" name="webLoginCarLoan" time="0.0">
    <ignored/>
  </testcase> <!-- webLoginCarLoan -->
  <testcase classname="TestNGPackage.TestNGDemo" name="testNGDemoMethod" time="0.0">
    <ignored/>
  </testcase> <!-- testNGDemoMethod -->
  <testcase classname="TestNGPackage.TestNGDemo3" name="mobileSignOffCarLoan" time="0.0">
    <ignored/>
  </testcase> <!-- mobileSignOffCarLoan -->
  <testcase classname="TestNGPackage.TestNGDemo3" name="loginAPICarLoan" time="0.0">
    <ignored/>
  </testcase> <!-- loginAPICarLoan -->
  <testcase classname="TestNGPackage.TestNGDemo" name="testNGDemoMethod2" time="0.0">
    <ignored/>
  </testcase> <!-- testNGDemoMethod2 -->
  <testcase classname="TestNGPackage.TestNGDemo4" name="mobileLoginHomeLoan" time="0.0">
    <ignored/>
  </testcase> <!-- mobileLoginHomeLoan -->
  <testcase classname="TestNGPackage.TestNGDemo3" name="mobileLoginCarLoan" time="0.0">
    <ignored/>
  </testcase> <!-- mobileLoginCarLoan -->
</testsuite> <!-- package test case run -->
