<?xml version="1.0" encoding="UTF-8"?>
<!-- Generated by org.testng.reporters.JUnitXMLReporter -->
<testsuite ignored="2" hostname="Nsv-2o" failures="0" tests="0" time="0.001" errors="0" timestamp="2023-09-10T20:23:46 IST">
  <testcase classname="SeleniumFrameworkDesign.ErrorValidationTest" name="orderErrorTest" time="0.0">
    <ignored/>
  </testcase> <!-- orderErrorTest -->
  <testcase classname="SeleniumFrameworkDesign.ErrorValidationTest" name="loginErrorTest" time="0.0">
    <ignored/>
  </testcase> <!-- loginErrorTest -->
</testsuite>
