<?xml version="1.0" encoding="UTF-8"?>
<!-- Generated by org.testng.reporters.JUnitXMLReporter -->
<testsuite ignored="1" hostname="Nsv-2o" failures="0" tests="2" name="Login Error Test" time="12.297" errors="0" timestamp="2023-09-10T20:23:46 IST">
  <testcase classname="SeleniumFrameworkDesign.StandAloneTest" name="submitOrder" time="3.779"/>
  <testcase classname="SeleniumFrameworkDesign.StandAloneTest" name="submitOrder" time="3.747"/>
  <testcase classname="SeleniumFrameworkDesign.StandAloneTest" name="orderHistoryTest" time="0.0">
    <ignored/>
  </testcase> <!-- orderHistoryTest -->
</testsuite> <!-- Login Error Test -->
