<?xml version="1.0" encoding="UTF-8"?>
<!-- Generated by org.testng.reporters.JUnitXMLReporter -->
<testsuite ignored="0" hostname="Nsv-2o" failures="0" tests="3" name="Login Error Test" time="15.643" errors="0" timestamp="2023-09-11T03:54:40 IST">
  <testcase classname="SeleniumFrameworkDesign.StandAloneTest" name="submitOrder" time="4.189"/>
  <testcase classname="SeleniumFrameworkDesign.StandAloneTest" name="submitOrder" time="3.689"/>
  <testcase classname="SeleniumFrameworkDesign.StandAloneTest" name="orderHistoryTest" time="0.525"/>
</testsuite> <!-- Login Error Test -->
