<?xml version="1.0" encoding="UTF-8"?>
<!-- Generated by org.testng.reporters.JUnitXMLReporter -->
<testsuite ignored="1" hostname="Nsv-2o" failures="0" tests="4" name="Default test" time="0.075" errors="0" timestamp="2023-08-30T02:01:03 IST">
  <testcase classname="TestNGPackage.TestNGDemo3" name="mobileLoginCarLoan" time="0.005"/>
  <testcase classname="TestNGPackage.TestNGDemo3" name="mobileSigninCarLoan" time="0.001"/>
  <testcase classname="TestNGPackage.TestNGDemo3" name="webLoginCarLoan" time="0.001"/>
  <testcase classname="TestNGPackage.TestNGDemo3" name="mobileSignOffCarLoan" time="0.001"/>
  <testcase classname="TestNGPackage.TestNGDemo3" name="loginAPICarLoan" time="0.0">
    <ignored/>
  </testcase> <!-- loginAPICarLoan -->
</testsuite> <!-- Default test -->
