<?xml version="1.0" encoding="UTF-8"?>
<testng-results ignored="0" total="1" passed="1" failed="0" skipped="0">
  <reporter-output>
  </reporter-output>
  <suite started-at="2023-09-11T02:02:09 IST" name="Default suite" finished-at="2023-09-11T02:02:12 IST" duration-ms="3657">
    <groups>
    </groups>
    <test started-at="2023-09-11T02:02:09 IST" name="Default test" finished-at="2023-09-11T02:02:12 IST" duration-ms="3657">
      <class name="SeleniumFrameworkDesign.ExtentReports.ExtentReportDemo">
        <test-method is-config="true" signature="config()[pri:0, instance:SeleniumFrameworkDesign.ExtentReports.ExtentReportDemo@65fb9ffc]" started-at="2023-09-11T02:02:09 IST" name="config" finished-at="2023-09-11T02:02:09 IST" duration-ms="197" status="PASS">
          <reporter-output>
          </reporter-output>
        </test-method> <!-- config -->
        <test-method signature="initialDemo()[pri:0, instance:SeleniumFrameworkDesign.ExtentReports.ExtentReportDemo@65fb9ffc]" started-at="2023-09-11T02:02:09 IST" name="initialDemo" finished-at="2023-09-11T02:02:12 IST" duration-ms="3424" status="PASS">
          <reporter-output>
          </reporter-output>
        </test-method> <!-- initialDemo -->
      </class> <!-- SeleniumFrameworkDesign.ExtentReports.ExtentReportDemo -->
    </test> <!-- Default test -->
  </suite> <!-- Default suite -->
</testng-results>
