<?xml version="1.0" encoding="UTF-8"?>
<!-- Generated by org.testng.reporters.JUnitXMLReporter -->
<testsuite ignored="1" hostname="Nsv-2o" failures="0" tests="6" name="Car Loan" time="0.077" errors="0" timestamp="2023-08-31T01:04:49 IST">
  <testcase classname="TestNGPackage.TestNGDemo3" name="mobileLoginCarLoan" time="0.011"/>
  <testcase classname="TestNGPackage.TestNGDemo3" name="mobileSigninCarLoan" time="0.001"/>
  <testcase classname="TestNGPackage.TestNGDemo3" name="webLoginCarLoan" time="0.001"/>
  <testcase classname="TestNGPackage.TestNGDemo3" name="webLoginCarLoan" time="0.001"/>
  <testcase classname="TestNGPackage.TestNGDemo3" name="webLoginCarLoan" time="0.002"/>
  <testcase classname="TestNGPackage.TestNGDemo3" name="mobileSignOffCarLoan" time="0.002"/>
  <testcase classname="TestNGPackage.TestNGDemo3" name="loginAPICarLoan" time="0.0">
    <ignored/>
  </testcase> <!-- loginAPICarLoan -->
</testsuite> <!-- Car Loan -->
