<?xml version="1.0" encoding="UTF-8"?>
<!-- Generated by org.testng.reporters.JUnitXMLReporter -->
<testsuite ignored="0" hostname="Nsv-2o" failures="2" tests="2" name="Test" time="0.075" errors="0" timestamp="2023-09-19T02:18:48 IST">
  <testcase classname="GitHub" name="homePageCheck" time="0.022">
    <failure type="java.lang.NoClassDefFoundError" message="Could not initialize class org.openqa.selenium.remote.http.ClientConfig">
      <![CDATA[java.lang.NoClassDefFoundError: Could not initialize class org.openqa.selenium.remote.http.ClientConfig
at org.openqa.selenium.remote.RemoteWebDriver.createExecutor(RemoteWebDriver.java:184)
at org.openqa.selenium.remote.RemoteWebDriver.<init>(RemoteWebDriver.java:144)
at GitHub.homePageCheck(GitHub.java:18)
at java.base/java.util.concurrent.ThreadPoolExecutor.runWorker(ThreadPoolExecutor.java:1136)
at java.base/java.util.concurrent.ThreadPoolExecutor$Worker.run(ThreadPoolExecutor.java:635)
at java.base/java.lang.Thread.run(Thread.java:833)
Caused by: java.lang.ExceptionInInitializerError: Exception java.lang.NoClassDefFoundError: dev/failsafe/Policy [in thread "TestNG-test=Test-2"]
at org.openqa.selenium.remote.http.ClientConfig.<clinit>(ClientConfig.java:32)
at org.openqa.selenium.remote.RemoteWebDriver.createExecutor(RemoteWebDriver.java:184)
at org.openqa.selenium.remote.RemoteWebDriver.<init>(RemoteWebDriver.java:144)
at GoogleTest.homePageCheck(GoogleTest.java:21)
... 15 more
... Removed 12 stack frames]]>
    </failure>
  </testcase> <!-- homePageCheck -->
  <testcase classname="GoogleTest" name="homePageCheck" time="0.022">
    <failure type="java.lang.NoClassDefFoundError" message="dev/failsafe/Policy">
      <![CDATA[java.lang.NoClassDefFoundError: dev/failsafe/Policy
at org.openqa.selenium.remote.http.ClientConfig.<clinit>(ClientConfig.java:32)
at org.openqa.selenium.remote.RemoteWebDriver.createExecutor(RemoteWebDriver.java:184)
at org.openqa.selenium.remote.RemoteWebDriver.<init>(RemoteWebDriver.java:144)
at GoogleTest.homePageCheck(GoogleTest.java:21)
at java.base/java.util.concurrent.ThreadPoolExecutor.runWorker(ThreadPoolExecutor.java:1136)
at java.base/java.util.concurrent.ThreadPoolExecutor$Worker.run(ThreadPoolExecutor.java:635)
at java.base/java.lang.Thread.run(Thread.java:833)
Caused by: java.lang.ClassNotFoundException: dev.failsafe.Policy
at java.base/jdk.internal.loader.BuiltinClassLoader.loadClass(BuiltinClassLoader.java:641)
at java.base/jdk.internal.loader.ClassLoaders$AppClassLoader.loadClass(ClassLoaders.java:188)
at java.base/java.lang.ClassLoader.loadClass(ClassLoader.java:520)
... 19 more
... Removed 12 stack frames]]>
    </failure>
  </testcase> <!-- homePageCheck -->
</testsuite> <!-- Test -->
