<?xml version="1.0" encoding="UTF-8"?>
<!-- Generated by org.testng.reporters.JUnitReportReporter -->
<testsuite hostname="Nsv-2o" failures="0" tests="1" name="Cucumber.TestNGTestRunner" time="0.085" errors="1" timestamp="2023-09-13T23:05:41 IST" skipped="0">
  <testcase classname="Cucumber.TestNGTestRunner" name="runScenario" time="0.085">
    <error message="Cannot invoke &quot;SeleniumFrameworkDesign.locator.LandingPage.loginInto(String, String)&quot; because &quot;this.landingPage&quot; is null" type="java.lang.NullPointerException">
      <![CDATA[java.lang.NullPointerException: Cannot invoke "SeleniumFrameworkDesign.locator.LandingPage.loginInto(String, String)" because "this.landingPage" is null
at SeleniumFrameworkDesign.StepDefinition.StepDefinitionImplementation.logged_in_with_username_password(StepDefinitionImplementation.java:31)
at ✽.Logged in with username test671@test.com and password Zxcvbnm@123(file:///C:/Users/nites/Desktop/SELENIUM/code/15_Framework_Part7/SeleniumFrameworkDesign/src/test/java/Cucumber/ErrorValidation.feature:8)
]]>
    </error>
  </testcase> <!-- runScenario -->
</testsuite> <!-- Cucumber.TestNGTestRunner -->
