<?xml version="1.0" encoding="UTF-8"?>
<!-- Generated by org.testng.reporters.JUnitXMLReporter -->
<testsuite ignored="0" hostname="Nsv-2o" failures="1" tests="1" name="Test" time="0.543" errors="0" timestamp="2023-09-18T04:28:05 IST">
  <testcase classname="DataDriven.excelDataProvider.DataProvide" name="testCaseData" time="0.0">
    <failure type="java.lang.RuntimeException" message="java.lang.NullPointerException: Cannot invoke &amp;quot;org.apache.poi.xssf.usermodel.XSSFRow.getCell(int)&amp;quot; because &amp;quot;row&amp;quot; is null">
      <![CDATA[java.lang.RuntimeException: java.lang.NullPointerException: Cannot invoke "org.apache.poi.xssf.usermodel.XSSFRow.getCell(int)" because "row" is null
at java.base/java.util.ArrayList.forEach(ArrayList.java:1511)
Caused by: java.lang.NullPointerException: Cannot invoke "org.apache.poi.xssf.usermodel.XSSFRow.getCell(int)" because "row" is null
at DataDriven.excelDataProvider.DataProvide.getData(DataProvide.java:42)
... 25 more
... Removed 32 stack frames]]>
    </failure>
  </testcase> <!-- testCaseData -->
</testsuite> <!-- Test -->
