<?xml version="1.0" encoding="UTF-8"?>
<testng-results ignored="0" total="1" passed="0" failed="1" skipped="0">
  <reporter-output>
  </reporter-output>
  <suite started-at="2023-09-13T23:05:40 IST" name="Default suite" finished-at="2023-09-13T23:05:41 IST" duration-ms="693">
    <groups>
      <group name="cucumber">
        <method signature="AbstractTestNGCucumberTests.runScenario(io.cucumber.testng.PickleWrapper,io.cucumber.testng.FeatureWrapper)[pri:0, instance:Cucumber.TestNGTestRunner@45c7e403]" name="runScenario" class="io.cucumber.testng.AbstractTestNGCucumberTests"/>
      </group> <!-- cucumber -->
    </groups>
    <test started-at="2023-09-13T23:05:40 IST" name="Default test" finished-at="2023-09-13T23:05:41 IST" duration-ms="693">
      <class name="Cucumber.TestNGTestRunner">
        <test-method is-config="true" signature="setUpClass(org.testng.ITestContext)[pri:0, instance:Cucumber.TestNGTestRunner@45c7e403]" started-at="2023-09-13T23:05:40 IST" name="setUpClass" finished-at="2023-09-13T23:05:41 IST" duration-ms="535" status="PASS">
          <params>
            <param index="0">
              <value>
                <![CDATA[org.testng.TestRunner@7689ddef]]>
              </value>
            </param>
          </params>
          <reporter-output>
          </reporter-output>
        </test-method> <!-- setUpClass -->
        <test-method signature="runScenario(io.cucumber.testng.PickleWrapper,io.cucumber.testng.FeatureWrapper)[pri:0, instance:Cucumber.TestNGTestRunner@45c7e403]" started-at="2023-09-13T23:05:41 IST" name="runScenario" description="Runs Cucumber Scenarios" data-provider="scenarios" finished-at="2023-09-13T23:05:41 IST" duration-ms="85" status="FAIL">
          <params>
            <param index="0">
              <value>
                <![CDATA["Positive test of login error validation"]]>
              </value>
            </param>
            <param index="1">
              <value>
                <![CDATA["Error validation"]]>
              </value>
            </param>
          </params>
          <exception class="java.lang.NullPointerException">
            <message>
              <![CDATA[Cannot invoke "SeleniumFrameworkDesign.locator.LandingPage.loginInto(String, String)" because "this.landingPage" is null]]>
            </message>
            <full-stacktrace>
              <![CDATA[java.lang.NullPointerException: Cannot invoke "SeleniumFrameworkDesign.locator.LandingPage.loginInto(String, String)" because "this.landingPage" is null
at SeleniumFrameworkDesign.StepDefinition.StepDefinitionImplementation.logged_in_with_username_password(StepDefinitionImplementation.java:31)
at ✽.Logged in with username test671@test.com and password Zxcvbnm@123(file:///C:/Users/nites/Desktop/SELENIUM/code/15_Framework_Part7/SeleniumFrameworkDesign/src/test/java/Cucumber/ErrorValidation.feature:8)
]]>
            </full-stacktrace>
          </exception> <!-- java.lang.NullPointerException -->
          <reporter-output>
          </reporter-output>
        </test-method> <!-- runScenario -->
        <test-method is-config="true" signature="tearDownClass()[pri:0, instance:Cucumber.TestNGTestRunner@45c7e403]" started-at="2023-09-13T23:05:41 IST" name="tearDownClass" finished-at="2023-09-13T23:05:41 IST" duration-ms="32" status="PASS">
          <reporter-output>
          </reporter-output>
        </test-method> <!-- tearDownClass -->
      </class> <!-- Cucumber.TestNGTestRunner -->
    </test> <!-- Default test -->
  </suite> <!-- Default suite -->
</testng-results>
