<?xml version="1.0" encoding="UTF-8"?>
<!-- Generated by org.testng.reporters.JUnitXMLReporter -->
<testsuite ignored="2" hostname="Nsv-2o" failures="1" tests="4" name="Test" time="0.061" errors="0" timestamp="2023-08-31T01:04:49 IST">
  <testcase classname="TestNGPackage.TestNGDemo" name="testNGDemoMethod" time="0.008"/>
  <testcase classname="TestNGPackage.TestNGDemo" name="testNGDemoMethod2" time="0.002"/>
  <testcase classname="TestNGPackage.TestNGDemo2" name="testNGDemoMethodSecondClass" time="0.025">
    <failure type="java.lang.AssertionError" message="expected [true] but found [false]">
      <![CDATA[java.lang.AssertionError: expected [true] but found [false]
at TestNGPackage.TestNGDemo2.testNGDemoMethodSecondClass(TestNGDemo2.java:13)
at java.base/java.util.concurrent.ThreadPoolExecutor.runWorker(ThreadPoolExecutor.java:1136)
at java.base/java.util.concurrent.ThreadPoolExecutor$Worker.run(ThreadPoolExecutor.java:635)
at java.base/java.lang.Thread.run(Thread.java:833)
... Removed 16 stack frames]]>
    </failure>
  </testcase> <!-- testNGDemoMethodSecondClass -->
  <testcase classname="TestNGPackage.TestNGDemo4" name="webLoginHomeLoan" time="0.001"/>
  <testcase classname="TestNGPackage.TestNGDemo4" name="loginAPIHomeLoan" time="0.0">
    <ignored/>
  </testcase> <!-- loginAPIHomeLoan -->
  <testcase classname="TestNGPackage.TestNGDemo4" name="mobileLoginHomeLoan" time="0.0">
    <ignored/>
  </testcase> <!-- mobileLoginHomeLoan -->
</testsuite> <!-- Test -->
