<?xml version="1.0" encoding="UTF-8"?>
<!-- Generated by org.testng.reporters.JUnitXMLReporter -->
<testsuite ignored="0" hostname="Nsv-2o" failures="1" tests="1" name="Default test" time="0.693" errors="0" timestamp="2023-09-13T23:05:41 IST">
  <testcase classname="io.cucumber.testng.AbstractTestNGCucumberTests" name="runScenario" time="0.085">
    <failure type="java.lang.NullPointerException" message="Cannot invoke &amp;quot;SeleniumFrameworkDesign.locator.LandingPage.loginInto(String, String)&amp;quot; because &amp;quot;this.landingPage&amp;quot; is null">
      <![CDATA[java.lang.NullPointerException: Cannot invoke "SeleniumFrameworkDesign.locator.LandingPage.loginInto(String, String)" because "this.landingPage" is null
at SeleniumFrameworkDesign.StepDefinition.StepDefinitionImplementation.logged_in_with_username_password(StepDefinitionImplementation.java:31)
at ✽.Logged in with username test671@test.com and password Zxcvbnm@123(file:///C:/Users/nites/Desktop/SELENIUM/code/15_Framework_Part7/SeleniumFrameworkDesign/src/test/java/Cucumber/ErrorValidation.feature:8)
]]>
    </failure>
  </testcase> <!-- runScenario -->
</testsuite> <!-- Default test -->
