<?xml version="1.0" encoding="UTF-8"?>
<testng-results ignored="0" total="2" passed="2" failed="0" skipped="0">
  <reporter-output>
  </reporter-output>
  <suite started-at="2023-09-10T20:23:34 IST" name="Suite" finished-at="2023-09-10T20:23:46 IST" duration-ms="12329">
    <groups>
      <group name="Purchase">
        <method signature="StandAloneTest.submitOrder(java.util.HashMap)[pri:0, instance:SeleniumFrameworkDesign.StandAloneTest@54d9d12d]" name="submitOrder" class="SeleniumFrameworkDesign.StandAloneTest"/>
      </group> <!-- Purchase -->
    </groups>
    <test started-at="2023-09-10T20:23:34 IST" name="Login Error Test" finished-at="2023-09-10T20:23:46 IST" duration-ms="12297">
      <class name="SeleniumFrameworkDesign.StandAloneTest">
        <test-method is-config="true" signature="lanchApplication()[pri:0, instance:SeleniumFrameworkDesign.StandAloneTest@54d9d12d]" started-at="2023-09-10T20:23:34 IST" name="lanchApplication" finished-at="2023-09-10T20:23:37 IST" duration-ms="3010" status="PASS">
          <reporter-output>
          </reporter-output>
        </test-method> <!-- lanchApplication -->
        <test-method signature="submitOrder(java.util.HashMap)[pri:0, instance:SeleniumFrameworkDesign.StandAloneTest@54d9d12d]" started-at="2023-09-10T20:23:37 IST" name="submitOrder" data-provider="getData" finished-at="2023-09-10T20:23:41 IST" duration-ms="3779" status="PASS">
          <params>
            <param index="0">
              <value>
                <![CDATA[{password=Zxcvbnm@671, email=test671@test.com, productName=ADIDAS ORIGINAL}]]>
              </value>
            </param>
          </params>
          <reporter-output>
          </reporter-output>
        </test-method> <!-- submitOrder -->
        <test-method is-config="true" signature="tearDown()[pri:0, instance:SeleniumFrameworkDesign.StandAloneTest@54d9d12d]" started-at="2023-09-10T20:23:41 IST" name="tearDown" finished-at="2023-09-10T20:23:41 IST" duration-ms="72" status="PASS">
          <reporter-output>
          </reporter-output>
        </test-method> <!-- tearDown -->
        <test-method is-config="true" signature="lanchApplication()[pri:0, instance:SeleniumFrameworkDesign.StandAloneTest@54d9d12d]" started-at="2023-09-10T20:23:41 IST" name="lanchApplication" finished-at="2023-09-10T20:23:42 IST" duration-ms="1309" status="PASS">
          <reporter-output>
          </reporter-output>
        </test-method> <!-- lanchApplication -->
        <test-method signature="submitOrder(java.util.HashMap)[pri:0, instance:SeleniumFrameworkDesign.StandAloneTest@54d9d12d]" started-at="2023-09-10T20:23:42 IST" name="submitOrder" data-provider="getData" finished-at="2023-09-10T20:23:46 IST" duration-ms="3747" status="PASS">
          <params>
            <param index="0">
              <value>
                <![CDATA[{password=Zxcvbnm@672, email=test672@test.com, productName=IPHONE 13 PRO}]]>
              </value>
            </param>
          </params>
          <reporter-output>
          </reporter-output>
        </test-method> <!-- submitOrder -->
        <test-method is-config="true" signature="tearDown()[pri:0, instance:SeleniumFrameworkDesign.StandAloneTest@54d9d12d]" started-at="2023-09-10T20:23:46 IST" name="tearDown" finished-at="2023-09-10T20:23:46 IST" duration-ms="113" status="PASS">
          <reporter-output>
          </reporter-output>
        </test-method> <!-- tearDown -->
      </class> <!-- SeleniumFrameworkDesign.StandAloneTest -->
    </test> <!-- Login Error Test -->
    <test started-at="2023-09-10T20:23:46 IST" name="Error validation Test" finished-at="2023-09-10T20:23:46 IST" duration-ms="1">
    </test> <!-- Error validation Test -->
  </suite> <!-- Suite -->
</testng-results>
